#
# A fatal error has been detected by the Java Runtime Environment:
#
#  EXCEPTION_ACCESS_VIOLATION (0xc0000005) at pc=0x000000006d2fb620, pid=5548, tid=6800
#
# JRE version: Java(TM) SE Runtime Environment (8.0_65-b17) (build 1.8.0_65-b17)
# Java VM: Java HotSpot(TM) 64-Bit Server VM (25.65-b01 mixed mode windows-amd64 compressed oops)
# Problematic frame:
# V  [jvm.dll+0xeb620]
#
# Failed to write core dump. Minidumps are not enabled by default on client versions of Windows
#
# If you would like to submit a bug report, please visit:
#   http://bugreport.java.com/bugreport/crash.jsp
#

---------------  T H R E A D  ---------------

Current thread (0x000000001ead4800):  JavaThread "Daemon worker Thread 17" [_thread_in_vm, id=6800, stack(0x000000000c260000,0x000000000c360000)]

siginfo: ExceptionCode=0xc0000005, writing address 0x0000000000000044

Registers:
RAX=0x0000000000000011, RBX=0x0000000000000000, RCX=0x0000000000000011, RDX=0x0000000000000000
RSP=0x000000000c35a6b8, RBP=0x00000000000007ff, RSI=0x00000000f07238f0, RDI=0x0000000000000010
R8 =0x0000000000000010, R9 =0x0000000000000010, R10=0x00000000f07238c8, R11=0x0000000000000000
R12=0x0000000000000000, R13=0x000000000da1b8b0, R14=0x000000000da1b8c0, R15=0x000000000da1bc98
RIP=0x000000006d2fb620, EFLAGS=0x0000000000010246

Top of Stack: (sp=0x000000000c35a6b8)
0x000000000c35a6b8:   000000006d489d48 000000000c35a7a0
0x000000000c35a6c8:   0000000000000000 000000001ead4800
0x000000000c35a6d8:   000000006d28d50d 00000000f07238c8
0x000000000c35a6e8:   000000006d3542d0 0000000000000010
0x000000000c35a6f8:   000000000b82d930 000000001ead4800
0x000000000c35a708:   000000000c35a8b0 0000000000000000
0x000000000c35a718:   000000006d35351e 000000001ead4800
0x000000000c35a728:   0000000000000000 0000000000000000
0x000000000c35a738:   000000006d35336c 0000000000000010
0x000000000c35a748:   000000001ead49f8 0000000000000000
0x000000000c35a758:   000000000c35a8a0 000000000c35a7a0
0x000000000c35a768:   000000006d1e1aee 00000000000003d8
0x000000000c35a778:   00000000f0723800 000000000c35a8b0
0x000000000c35a788:   0000000000000000 000000000c35a7a0
0x000000000c35a798:   00000000f071a6f0 646172672f67726f
0x000000000c35a7a8:   692f6970612f656c 2f6c616e7265746e 

Instructions: (pc=0x000000006d2fb620)
0x000000006d2fb600:   ff ff ff cc cc cc cc cc cc cc cc cc cc cc cc cc
0x000000006d2fb610:   48 8b 89 30 01 00 00 e9 44 a3 f3 ff cc cc cc cc
0x000000006d2fb620:   48 89 5c 24 08 57 48 83 ec 20 48 8b f9 8b 0d 65
0x000000006d2fb630:   c0 6b 00 8b da ff 15 b5 7d 4e 00 44 8b c3 48 8b 


Register to memory mapping:

RAX=0x0000000000000011 is an unknown value
RBX=0x0000000000000000 is an unknown value
RCX=0x0000000000000011 is an unknown value
RDX=0x0000000000000000 is an unknown value
RSP=0x000000000c35a6b8 is pointing into the stack for thread: 0x000000001ead4800
RBP=0x00000000000007ff is an unknown value
RSI=0x00000000f07238f0 is an oop

[error occurred during error reporting (printing register info), id 0xc0000005]

Stack: [0x000000000c260000,0x000000000c360000],  sp=0x000000000c35a6b8,  free space=1001k
Native frames: (J=compiled Java code, j=interpreted, Vv=VM code, C=native code)
V  [jvm.dll+0xeb620]
V  [jvm.dll+0x279d48]
V  [jvm.dll+0x1442d0]
C  [java.dll+0x1aee]
C  0x000000000f474ec5

Java frames: (J=compiled Java code, j=interpreted, Vv=VM code)
J 1358  java.lang.Class.forName0(Ljava/lang/String;ZLjava/lang/ClassLoader;Ljava/lang/Class;)Ljava/lang/Class; (0 bytes) @ 0x000000000f474e47 [0x000000000f474dc0+0x87]
J 6332 C2 sun.reflect.generics.visitor.Reifier.visitClassTypeSignature(Lsun/reflect/generics/tree/ClassTypeSignature;)V (381 bytes) @ 0x000000000f53a3d8 [0x000000000f53a060+0x378]
J 7352 C2 sun.reflect.generics.tree.ClassTypeSignature.accept(Lsun/reflect/generics/visitor/TypeTreeVisitor;)V (8 bytes) @ 0x000000000fa916d8 [0x000000000fa916a0+0x38]
J 4673 C2 java.lang.reflect.Executable.sharedToGenericString(IZ)Ljava/lang/String; (329 bytes) @ 0x00000000101f29d0 [0x00000000101f15e0+0x13f0]
J 12386 C2 java.lang.reflect.Method.toGenericString()Ljava/lang/String; (12 bytes) @ 0x000000000f26da80 [0x000000000f26da20+0x60]
J 12555 C2 java.beans.MethodRef.find(Ljava/lang/Class;Ljava/lang/String;)Ljava/lang/reflect/Method; (62 bytes) @ 0x000000001166f20c [0x000000001166f060+0x1ac]
J 14575 C2 java.beans.MethodRef.get()Ljava/lang/reflect/Method; (92 bytes) @ 0x0000000011ab4240 [0x0000000011ab3d20+0x520]
J 15336 C2 java.beans.PropertyDescriptor.getWriteMethod()Ljava/lang/reflect/Method; (165 bytes) @ 0x0000000011d4a788 [0x0000000011d4a700+0x88]
J 4607 C1 groovy.lang.MetaClassImpl.applyPropertyDescriptors([Ljava/beans/PropertyDescriptor;)V (151 bytes) @ 0x00000000100f89bc [0x00000000100f8420+0x59c]
J 4847 C1 groovy.lang.MetaClassImpl.setupProperties([Ljava/beans/PropertyDescriptor;)V (300 bytes) @ 0x0000000010208964 [0x0000000010207fc0+0x9a4]
J 12421 C1 groovy.lang.MetaClassImpl.addProperties()V (230 bytes) @ 0x0000000010a4754c [0x0000000010a47020+0x52c]
J 4840 C1 groovy.lang.MetaClassImpl.initialize()V (21 bytes) @ 0x00000000102055bc [0x0000000010205460+0x15c]
J 14322 C2 groovy.lang.MetaClassImpl.findPropertyInClassHierarchy(Ljava/lang/String;Lorg/codehaus/groovy/reflection/CachedClass;)Lgroovy/lang/MetaBeanProperty; (96 bytes) @ 0x00000000119b10e4 [0x00000000119b0020+0x10c4]
J 5882 C2 groovy.lang.MetaClassImpl.hasProperty(Ljava/lang/Object;Ljava/lang/String;)Lgroovy/lang/MetaProperty; (6 bytes) @ 0x000000001043f7f8 [0x000000001043e9e0+0xe18]
J 13406 C2 org.gradle.api.internal.CompositeDynamicObject.getProperty(Ljava/lang/String;)Ljava/lang/Object; (128 bytes) @ 0x0000000011065614 [0x00000000110654c0+0x154]
j  org.gradle.api.tasks.Delete_Decorated.getProperty(Ljava/lang/String;)Ljava/lang/Object;+5
J 5070 C1 org.codehaus.groovy.runtime.InvokerHelper.getProperty(Ljava/lang/Object;Ljava/lang/String;)Ljava/lang/Object; (75 bytes) @ 0x00000000102d2a1c [0x00000000102d0ec0+0x1b5c]
J 5082 C1 groovy.lang.Closure.getPropertyTryThese(Ljava/lang/String;Ljava/lang/Object;Ljava/lang/Object;)Ljava/lang/Object; (60 bytes) @ 0x00000000102e81b4 [0x00000000102e8120+0x94]
J 5080 C1 groovy.lang.Closure.getProperty(Ljava/lang/String;)Ljava/lang/Object; (204 bytes) @ 0x00000000102dd0fc [0x00000000102dbcc0+0x143c]
J 13281 C2 org.codehaus.groovy.runtime.callsite.PogoGetPropertySite.getProperty(Ljava/lang/Object;)Ljava/lang/Object; (20 bytes) @ 0x00000000112e03bc [0x00000000112e0360+0x5c]
J 6679 C1 org.codehaus.groovy.runtime.callsite.AbstractCallSite.callGroovyObjectGetProperty(Ljava/lang/Object;)Ljava/lang/Object; (12 bytes) @ 0x00000000105fdd2c [0x00000000105fdb80+0x1ac]
j  build_3yogvfwlg30bwpp2kmahgxc6q$_run_closure2.doCall(Ljava/lang/Object;)Ljava/lang/Object;+18
v  ~StubRoutines::call_stub
J 1480  sun.reflect.NativeMethodAccessorImpl.invoke0(Ljava/lang/reflect/Method;Ljava/lang/Object;[Ljava/lang/Object;)Ljava/lang/Object; (0 bytes) @ 0x000000000f4d233f [0x000000000f4d22c0+0x7f]
J 8705 C2 sun.reflect.NativeMethodAccessorImpl.invoke(Ljava/lang/Object;[Ljava/lang/Object;)Ljava/lang/Object; (104 bytes) @ 0x000000000f99ab00 [0x000000000f99aaa0+0x60]
J 13699 C2 org.codehaus.groovy.runtime.metaclass.ClosureMetaClass.invokeMethod(Ljava/lang/Class;Ljava/lang/Object;Ljava/lang/String;[Ljava/lang/Object;ZZ)Ljava/lang/Object; (894 bytes) @ 0x00000000118b0c8c [0x00000000118b0740+0x54c]
J 13890 C2 groovy.lang.Closure.call([Ljava/lang/Object;)Ljava/lang/Object; (30 bytes) @ 0x000000000f196418 [0x000000000f1963c0+0x58]
J 9753 C1 groovy.lang.Closure.call(Ljava/lang/Object;)Ljava/lang/Object; (13 bytes) @ 0x000000001007f394 [0x000000001007f100+0x294]
J 12025 C1 org.gradle.api.internal.ClosureBackedAction.execute(Ljava/lang/Object;)V (133 bytes) @ 0x0000000010461344 [0x0000000010460c00+0x744]
J 12790 C1 org.gradle.util.ConfigureUtil.configure(Lgroovy/lang/Closure;Ljava/lang/Object;IZ)Ljava/lang/Object; (20 bytes) @ 0x000000000fc8b6ac [0x000000000fc8b540+0x16c]
j  org.gradle.util.ConfigureUtil.configure(Lgroovy/lang/Closure;Ljava/lang/Object;Z)Ljava/lang/Object;+4
j  org.gradle.api.internal.AbstractTask.configure(Lgroovy/lang/Closure;)Lorg/gradle/api/Task;+3
j  org.gradle.api.internal.project.AbstractProject.task(Ljava/util/Map;Ljava/lang/String;Lgroovy/lang/Closure;)Lorg/gradle/api/Task;+21
v  ~StubRoutines::call_stub
J 1480  sun.reflect.NativeMethodAccessorImpl.invoke0(Ljava/lang/reflect/Method;Ljava/lang/Object;[Ljava/lang/Object;)Ljava/lang/Object; (0 bytes) @ 0x000000000f4d233f [0x000000000f4d22c0+0x7f]
J 8705 C2 sun.reflect.NativeMethodAccessorImpl.invoke(Ljava/lang/Object;[Ljava/lang/Object;)Ljava/lang/Object; (104 bytes) @ 0x000000000f99ab00 [0x000000000f99aaa0+0x60]
J 9078 C2 groovy.lang.MetaMethod.doMethodInvoke(Ljava/lang/Object;[Ljava/lang/Object;)Ljava/lang/Object; (22 bytes) @ 0x0000000010904cfc [0x0000000010904b80+0x17c]
J 5069 C1 groovy.lang.MetaClassImpl.invokeMethod(Ljava/lang/Class;Ljava/lang/Object;Ljava/lang/String;[Ljava/lang/Object;ZZ)Ljava/lang/Object; (1093 bytes) @ 0x00000000102cbe7c [0x00000000102c66a0+0x57dc]
J 13292 C2 groovy.lang.MetaClassImpl.invokeMethod(Ljava/lang/Object;Ljava/lang/String;[Ljava/lang/Object;)Ljava/lang/Object; (14 bytes) @ 0x000000000fcdb94c [0x000000000fcdb8e0+0x6c]
J 14356 C1 org.gradle.api.internal.BeanDynamicObject$MetaClassAdapter.invokeMethod(Ljava/lang/String;[Ljava/lang/Object;)Ljava/lang/Object; (43 bytes) @ 0x0000000010493fe4 [0x0000000010493e40+0x1a4]
J 14159 C1 org.gradle.api.internal.BeanDynamicObject.invokeMethod(Ljava/lang/String;[Ljava/lang/Object;)Ljava/lang/Object; (82 bytes) @ 0x000000000f9a3b84 [0x000000000f9a3a60+0x124]
J 14378 C1 org.gradle.api.internal.CompositeDynamicObject.invokeMethod(Ljava/lang/String;[Ljava/lang/Object;)Ljava/lang/Object; (188 bytes) @ 0x0000000010774fd4 [0x0000000010774200+0xdd4]
j  org.gradle.groovy.scripts.BasicScript.methodMissing(Ljava/lang/String;Ljava/lang/Object;)Ljava/lang/Object;+12
v  ~StubRoutines::call_stub
J 1480  sun.reflect.NativeMethodAccessorImpl.invoke0(Ljava/lang/reflect/Method;Ljava/lang/Object;[Ljava/lang/Object;)Ljava/lang/Object; (0 bytes) @ 0x000000000f4d233f [0x000000000f4d22c0+0x7f]
J 8705 C2 sun.reflect.NativeMethodAccessorImpl.invoke(Ljava/lang/Object;[Ljava/lang/Object;)Ljava/lang/Object; (104 bytes) @ 0x000000000f99ab00 [0x000000000f99aaa0+0x60]
J 5877 C2 org.codehaus.groovy.reflection.CachedMethod.invoke(Ljava/lang/Object;[Ljava/lang/Object;)Ljava/lang/Object; (70 bytes) @ 0x0000000010418e38 [0x0000000010418dc0+0x78]
j  groovy.lang.MetaClassImpl.invokeMissingMethod(Ljava/lang/Object;Ljava/lang/String;[Ljava/lang/Object;Ljava/lang/RuntimeException;Z)Ljava/lang/Object;+184
j  groovy.lang.MetaClassImpl.invokePropertyOrMissing(Ljava/lang/Object;Ljava/lang/String;[Ljava/lang/Object;ZZ)Ljava/lang/Object;+153
J 5069 C1 groovy.lang.MetaClassImpl.invokeMethod(Ljava/lang/Class;Ljava/lang/Object;Ljava/lang/String;[Ljava/lang/Object;ZZ)Ljava/lang/Object; (1093 bytes) @ 0x00000000102cbedc [0x00000000102c66a0+0x583c]
J 13292 C2 groovy.lang.MetaClassImpl.invokeMethod(Ljava/lang/Object;Ljava/lang/String;[Ljava/lang/Object;)Ljava/lang/Object; (14 bytes) @ 0x000000000fcdb94c [0x000000000fcdb8e0+0x6c]
J 10800 C1 org.codehaus.groovy.runtime.callsite.PogoMetaClassSite.callCurrent(Lgroovy/lang/GroovyObject;[Ljava/lang/Object;)Ljava/lang/Object; (92 bytes) @ 0x0000000010bd4a24 [0x0000000010bd45c0+0x464]
J 13190 C1 org.codehaus.groovy.runtime.callsite.AbstractCallSite.callCurrent(Lgroovy/lang/GroovyObject;[Ljava/lang/Object;)Ljava/lang/Object; (7 bytes) @ 0x000000001083af34 [0x000000001083ad20+0x214]
J 12086 C1 org.codehaus.groovy.runtime.callsite.AbstractCallSite.callCurrent(Lgroovy/lang/GroovyObject;Ljava/lang/Object;Ljava/lang/Object;Ljava/lang/Object;)Ljava/lang/Object; (13 bytes) @ 0x000000000f36a514 [0x000000000f36a020+0x4f4]
j  build_3yogvfwlg30bwpp2kmahgxc6q.run()Ljava/lang/Object;+57
j  org.gradle.groovy.scripts.internal.DefaultScriptRunnerFactory$ScriptRunnerImpl.run()V+48
j  org.gradle.configuration.DefaultScriptPluginFactory$ScriptPluginImpl$1.run()V+62
j  org.gradle.configuration.DefaultScriptPluginFactory$ScriptPluginImpl.apply(Ljava/lang/Object;)V+504
j  org.gradle.configuration.project.BuildScriptProcessor.execute(Lorg/gradle/api/internal/project/ProjectInternal;)V+85
j  org.gradle.configuration.project.BuildScriptProcessor.execute(Ljava/lang/Object;)V+5
j  org.gradle.configuration.project.ConfigureActionsProjectEvaluator.evaluate(Lorg/gradle/api/internal/project/ProjectInternal;Lorg/gradle/api/internal/project/ProjectStateInternal;)V+33
j  org.gradle.configuration.project.LifecycleProjectEvaluator.evaluate(Lorg/gradle/api/internal/project/ProjectInternal;Lorg/gradle/api/internal/project/ProjectStateInternal;)V+54
j  org.gradle.api.internal.project.AbstractProject.evaluate()Lorg/gradle/api/internal/project/AbstractProject;+9
j  org.gradle.api.internal.project.AbstractProject.evaluate()Lorg/gradle/api/Project;+1
j  org.gradle.execution.TaskPathProjectEvaluator.configure(Lorg/gradle/api/internal/project/ProjectInternal;)V+21
j  org.gradle.configuration.DefaultBuildConfigurer.configure(Lorg/gradle/api/internal/GradleInternal;)V+32
j  org.gradle.initialization.DefaultGradleLauncher.doBuildStages(Lorg/gradle/initialization/DefaultGradleLauncher$Stage;)V+85
j  org.gradle.initialization.DefaultGradleLauncher.doBuild(Lorg/gradle/initialization/DefaultGradleLauncher$Stage;)Lorg/gradle/BuildResult;+27
j  org.gradle.initialization.DefaultGradleLauncher.run()Lorg/gradle/BuildResult;+4
j  org.gradle.launcher.exec.InProcessBuildActionExecuter$DefaultBuildController.run()Lorg/gradle/api/internal/GradleInternal;+5
j  org.gradle.tooling.internal.provider.runner.BuildModelActionRunner.run(Lorg/gradle/internal/invocation/BuildAction;Lorg/gradle/internal/invocation/BuildController;)V+72
j  org.gradle.launcher.exec.ChainingBuildActionRunner.run(Lorg/gradle/internal/invocation/BuildAction;Lorg/gradle/internal/invocation/BuildController;)V+34
j  org.gradle.launcher.exec.InProcessBuildActionExecuter.execute(Lorg/gradle/internal/invocation/BuildAction;Lorg/gradle/initialization/BuildRequestContext;Lorg/gradle/launcher/exec/BuildActionParameters;)Ljava/lang/Object;+39
j  org.gradle.launcher.exec.InProcessBuildActionExecuter.execute(Lorg/gradle/internal/invocation/BuildAction;Lorg/gradle/initialization/BuildRequestContext;Ljava/lang/Object;)Ljava/lang/Object;+7
j  org.gradle.launcher.daemon.server.exec.ExecuteBuild.doBuild(Lorg/gradle/launcher/daemon/server/api/DaemonCommandExecution;Lorg/gradle/launcher/daemon/protocol/Build;)V+70
j  org.gradle.launcher.daemon.server.exec.BuildCommandOnly.execute(Lorg/gradle/launcher/daemon/server/api/DaemonCommandExecution;)V+49
J 14752 C1 org.gradle.launcher.daemon.server.api.DaemonCommandExecution.proceed()Z (35 bytes) @ 0x0000000011b77f4c [0x0000000011b77ba0+0x3ac]
j  org.gradle.launcher.daemon.server.exec.WatchForDisconnection.execute(Lorg/gradle/launcher/daemon/server/api/DaemonCommandExecution;)V+19
J 14752 C1 org.gradle.launcher.daemon.server.api.DaemonCommandExecution.proceed()Z (35 bytes) @ 0x0000000011b77f4c [0x0000000011b77ba0+0x3ac]
j  org.gradle.launcher.daemon.server.exec.ResetDeprecationLogger.execute(Lorg/gradle/launcher/daemon/server/api/DaemonCommandExecution;)V+4
J 14752 C1 org.gradle.launcher.daemon.server.api.DaemonCommandExecution.proceed()Z (35 bytes) @ 0x0000000011b77f4c [0x0000000011b77ba0+0x3ac]
j  org.gradle.launcher.daemon.server.exec.RequestStopIfSingleUsedDaemon.execute(Lorg/gradle/launcher/daemon/server/api/DaemonCommandExecution;)V+31
J 14752 C1 org.gradle.launcher.daemon.server.api.DaemonCommandExecution.proceed()Z (35 bytes) @ 0x0000000011b77f4c [0x0000000011b77ba0+0x3ac]
j  org.gradle.launcher.daemon.server.exec.ForwardClientInput$2.call()Ljava/lang/Void;+4
j  org.gradle.launcher.daemon.server.exec.ForwardClientInput$2.call()Ljava/lang/Object;+1
j  org.gradle.util.Swapper.swap(Ljava/lang/Object;Ljava/util/concurrent/Callable;)Ljava/lang/Object;+21
j  org.gradle.launcher.daemon.server.exec.ForwardClientInput.execute(Lorg/gradle/launcher/daemon/server/api/DaemonCommandExecution;)V+63
J 14752 C1 org.gradle.launcher.daemon.server.api.DaemonCommandExecution.proceed()Z (35 bytes) @ 0x0000000011b77f4c [0x0000000011b77ba0+0x3ac]
j  org.gradle.launcher.daemon.server.health.DaemonHealthTracker.execute(Lorg/gradle/launcher/daemon/server/api/DaemonCommandExecution;)V+35
J 14752 C1 org.gradle.launcher.daemon.server.api.DaemonCommandExecution.proceed()Z (35 bytes) @ 0x0000000011b77f4c [0x0000000011b77ba0+0x3ac]
j  org.gradle.launcher.daemon.server.exec.LogToClient.doBuild(Lorg/gradle/launcher/daemon/server/api/DaemonCommandExecution;Lorg/gradle/launcher/daemon/protocol/Build;)V+106
j  org.gradle.launcher.daemon.server.exec.BuildCommandOnly.execute(Lorg/gradle/launcher/daemon/server/api/DaemonCommandExecution;)V+49
J 14752 C1 org.gradle.launcher.daemon.server.api.DaemonCommandExecution.proceed()Z (35 bytes) @ 0x0000000011b77f4c [0x0000000011b77ba0+0x3ac]
j  org.gradle.launcher.daemon.server.exec.EstablishBuildEnvironment.doBuild(Lorg/gradle/launcher/daemon/server/api/DaemonCommandExecution;Lorg/gradle/launcher/daemon/protocol/Build;)V+243
j  org.gradle.launcher.daemon.server.exec.BuildCommandOnly.execute(Lorg/gradle/launcher/daemon/server/api/DaemonCommandExecution;)V+49
J 14752 C1 org.gradle.launcher.daemon.server.api.DaemonCommandExecution.proceed()Z (35 bytes) @ 0x0000000011b77f4c [0x0000000011b77ba0+0x3ac]
j  org.gradle.launcher.daemon.server.health.HintGCAfterBuild.execute(Lorg/gradle/launcher/daemon/server/api/DaemonCommandExecution;)V+1
J 14752 C1 org.gradle.launcher.daemon.server.api.DaemonCommandExecution.proceed()Z (35 bytes) @ 0x0000000011b77f4c [0x0000000011b77ba0+0x3ac]
j  org.gradle.launcher.daemon.server.exec.StartBuildOrRespondWithBusy$1.run()V+44
j  org.gradle.launcher.daemon.server.DaemonStateCoordinator$1.run()V+4
j  org.gradle.internal.concurrent.ExecutorPolicy$CatchAndRecordFailures.onExecute(Ljava/lang/Runnable;)V+1
J 15038 C1 org.gradle.internal.concurrent.StoppableExecutorImpl$1.run()V (59 bytes) @ 0x0000000011c1b8b4 [0x0000000011c1b4a0+0x414]
j  java.util.concurrent.ThreadPoolExecutor.runWorker(Ljava/util/concurrent/ThreadPoolExecutor$Worker;)V+95
J 15047 C1 java.util.concurrent.ThreadPoolExecutor$Worker.run()V (9 bytes) @ 0x000000000f3f2304 [0x000000000f3f2200+0x104]
J 14543 C1 java.lang.Thread.run()V (17 bytes) @ 0x0000000011a8623c [0x0000000011a86100+0x13c]
v  ~StubRoutines::call_stub

---------------  P R O C E S S  ---------------

Java Threads: ( => current thread )
  0x000000001ead1800 JavaThread "Stdin handler" [_thread_blocked, id=6848, stack(0x000000000a810000,0x000000000a910000)]
=>0x000000001ead4800 JavaThread "Daemon worker Thread 17" [_thread_in_vm, id=6800, stack(0x000000000c260000,0x000000000c360000)]
  0x000000001ead3800 JavaThread "Cancel handler" [_thread_blocked, id=3108, stack(0x000000000a410000,0x000000000a510000)]
  0x000000001ead0800 JavaThread "Handler for socket connection from /127.0.0.1:58190 to /127.0.0.1:54471" [_thread_in_native, id=6788, stack(0x000000000a6d0000,0x000000000a7d0000)]
  0x000000001ead0000 JavaThread "Daemon Thread 17" [_thread_blocked, id=5432, stack(0x000000000a530000,0x000000000a630000)]
  0x00000000096a5000 JavaThread "File lock request listener" [_thread_in_native, id=6904, stack(0x000000000aa30000,0x000000000ab30000)]
  0x00000000090ea000 JavaThread "Incoming local TCP Connector on port 58190" [_thread_in_native, id=7108, stack(0x000000000a0a0000,0x000000000a1a0000)]
  0x0000000007c16000 JavaThread "Service Thread" daemon [_thread_blocked, id=7120, stack(0x00000000081c0000,0x00000000082c0000)]
  0x0000000007bcd000 JavaThread "C1 CompilerThread2" daemon [_thread_blocked, id=6108, stack(0x00000000080a0000,0x00000000081a0000)]
  0x0000000006139000 JavaThread "C2 CompilerThread1" daemon [_thread_blocked, id=6724, stack(0x00000000075d0000,0x00000000076d0000)]
  0x0000000006131800 JavaThread "C2 CompilerThread0" daemon [_thread_blocked, id=6692, stack(0x0000000007ab0000,0x0000000007bb0000)]
  0x000000000613e800 JavaThread "Attach Listener" daemon [_thread_blocked, id=5376, stack(0x00000000078d0000,0x00000000079d0000)]
  0x000000000613d800 JavaThread "Signal Dispatcher" daemon [_thread_blocked, id=4272, stack(0x00000000076f0000,0x00000000077f0000)]
  0x00000000060d8000 JavaThread "Finalizer" daemon [_thread_blocked, id=5072, stack(0x00000000074b0000,0x00000000075b0000)]
  0x00000000060d1000 JavaThread "Reference Handler" daemon [_thread_blocked, id=6752, stack(0x0000000007150000,0x0000000007250000)]
  0x00000000021ff000 JavaThread "main" [_thread_blocked, id=6264, stack(0x0000000002510000,0x0000000002610000)]

Other Threads:
  0x00000000060cb800 VMThread [stack: 0x0000000007310000,0x0000000007410000] [id=1080]
  0x0000000007c41800 WatcherThread [stack: 0x0000000008390000,0x0000000008490000] [id=4224]

VM state:not at safepoint (normal execution)

VM Mutex/Monitor currently owned by a thread: None

Heap:
 PSYoungGen      total 321536K, used 95024K [0x00000000eab00000, 0x00000000ffd80000, 0x0000000100000000)
  eden space 298496K, 31% used [0x00000000eab00000,0x00000000f07cc258,0x00000000fce80000)
  from space 23040K, 0% used [0x00000000fe700000,0x00000000fe700000,0x00000000ffd80000)
  to   space 24064K, 0% used [0x00000000fce80000,0x00000000fce80000,0x00000000fe600000)
 ParOldGen       total 93184K, used 33466K [0x00000000c0000000, 0x00000000c5b00000, 0x00000000eab00000)
  object space 93184K, 35% used [0x00000000c0000000,0x00000000c20aeae8,0x00000000c5b00000)
 Metaspace       used 60397K, capacity 63912K, committed 68864K, reserved 1107968K
  class space    used 7601K, capacity 8715K, committed 9984K, reserved 1048576K

Card table byte_map: [0x0000000002ca0000,0x0000000002eb0000] byte_map_base: 0x00000000026a0000

Marking Bits: (ParMarkBitMap*) 0x000000006da1a5b0
 Begin Bits: [0x0000000003540000, 0x0000000004540000)
 End Bits:   [0x0000000004540000, 0x0000000005540000)

Polling page: 0x0000000000240000

CodeCache: size=245760Kb used=46054Kb max_used=46056Kb free=199705Kb
 bounds [0x000000000f010000, 0x0000000011d60000, 0x000000001e010000]
 total_blobs=12535 nmethods=11775 adapters=669
 compilation: enabled

Compilation events (10 events):
Event: 7929.430 Thread 0x0000000006131800 nmethod 15338 0x0000000011d49810 code [0x0000000011d49980, 0x0000000011d49c98]
Event: 7929.445 Thread 0x0000000006131800 15339       4       java.net.URLClassLoader::findResources (20 bytes)
Event: 7929.449 Thread 0x0000000006131800 nmethod 15339 0x0000000011d4b5d0 code [0x0000000011d4b720, 0x0000000011d4bab8]
Event: 7929.450 Thread 0x0000000006139000 nmethod 15332 0x0000000011d53010 code [0x0000000011d535c0, 0x0000000011d55870]
Event: 7929.462 Thread 0x0000000006131800 15340       4       org.codehaus.groovy.runtime.metaclass.ReflectionMetaMethod::getName (8 bytes)
Event: 7929.463 Thread 0x0000000006131800 nmethod 15340 0x000000000f4c4390 code [0x000000000f4c44c0, 0x000000000f4c4538]
Event: 7929.614 Thread 0x0000000007bcd000 15341       3       org.gradle.api.internal.project.AbstractProject::getAllprojects (21 bytes)
Event: 7929.615 Thread 0x0000000007bcd000 nmethod 15341 0x0000000011d51f90 code [0x0000000011d52180, 0x0000000011d52a78]
Event: 7929.615 Thread 0x0000000007bcd000 15342       3       org.gradle.api.internal.project.DefaultProjectRegistry::getAllProjects (45 bytes)
Event: 7929.616 Thread 0x0000000007bcd000 nmethod 15342 0x0000000011d50a10 code [0x0000000011d50c40, 0x0000000011d518f8]

GC Heap History (10 events):
Event: 6283.894 GC heap before
{Heap before GC invocations=46 (full 16):
 PSYoungGen      total 323584K, used 2511K [0x00000000eab00000, 0x0000000100000000, 0x0000000100000000)
  eden space 296960K, 0% used [0x00000000eab00000,0x00000000eab00000,0x00000000fcd00000)
  from space 26624K, 9% used [0x00000000fe600000,0x00000000fe873c40,0x0000000100000000)
  to   space 25600K, 0% used [0x00000000fcd00000,0x00000000fcd00000,0x00000000fe600000)
 ParOldGen       total 93184K, used 50707K [0x00000000c0000000, 0x00000000c5b00000, 0x00000000eab00000)
  object space 93184K, 54% used [0x00000000c0000000,0x00000000c3184c40,0x00000000c5b00000)
 Metaspace       used 62083K, capacity 67988K, committed 68352K, reserved 1107968K
  class space    used 8182K, capacity 9788K, committed 9984K, reserved 1048576K
Event: 6284.198 GC heap after
Heap after GC invocations=46 (full 16):
 PSYoungGen      total 323584K, used 0K [0x00000000eab00000, 0x0000000100000000, 0x0000000100000000)
  eden space 296960K, 0% used [0x00000000eab00000,0x00000000eab00000,0x00000000fcd00000)
  from space 26624K, 0% used [0x00000000fe600000,0x00000000fe600000,0x0000000100000000)
  to   space 25600K, 0% used [0x00000000fcd00000,0x00000000fcd00000,0x00000000fe600000)
 ParOldGen       total 93184K, used 51827K [0x00000000c0000000, 0x00000000c5b00000, 0x00000000eab00000)
  object space 93184K, 55% used [0x00000000c0000000,0x00000000c329cc60,0x00000000c5b00000)
 Metaspace       used 62083K, capacity 67988K, committed 68352K, reserved 1107968K
  class space    used 8182K, capacity 9788K, committed 9984K, reserved 1048576K
}
Event: 6605.647 GC heap before
{Heap before GC invocations=47 (full 16):
 PSYoungGen      total 323584K, used 156636K [0x00000000eab00000, 0x0000000100000000, 0x0000000100000000)
  eden space 296960K, 52% used [0x00000000eab00000,0x00000000f43f7090,0x00000000fcd00000)
  from space 26624K, 0% used [0x00000000fe600000,0x00000000fe600000,0x0000000100000000)
  to   space 25600K, 0% used [0x00000000fcd00000,0x00000000fcd00000,0x00000000fe600000)
 ParOldGen       total 93184K, used 51827K [0x00000000c0000000, 0x00000000c5b00000, 0x00000000eab00000)
  object space 93184K, 55% used [0x00000000c0000000,0x00000000c329cc60,0x00000000c5b00000)
 Metaspace       used 62294K, capacity 68366K, committed 68608K, reserved 1107968K
  class space    used 8199K, capacity 9859K, committed 9984K, reserved 1048576K
Event: 6605.652 GC heap after
Heap after GC invocations=47 (full 16):
 PSYoungGen      total 322560K, used 2143K [0x00000000eab00000, 0x00000000fff80000, 0x0000000100000000)
  eden space 296960K, 0% used [0x00000000eab00000,0x00000000eab00000,0x00000000fcd00000)
  from space 25600K, 8% used [0x00000000fcd00000,0x00000000fcf17c70,0x00000000fe600000)
  to   space 25088K, 0% used [0x00000000fe700000,0x00000000fe700000,0x00000000fff80000)
 ParOldGen       total 93184K, used 51827K [0x00000000c0000000, 0x00000000c5b00000, 0x00000000eab00000)
  object space 93184K, 55% used [0x00000000c0000000,0x00000000c329cc60,0x00000000c5b00000)
 Metaspace       used 62294K, capacity 68366K, committed 68608K, reserved 1107968K
  class space    used 8199K, capacity 9859K, committed 9984K, reserved 1048576K
}
Event: 6605.652 GC heap before
{Heap before GC invocations=48 (full 17):
 PSYoungGen      total 322560K, used 2143K [0x00000000eab00000, 0x00000000fff80000, 0x0000000100000000)
  eden space 296960K, 0% used [0x00000000eab00000,0x00000000eab00000,0x00000000fcd00000)
  from space 25600K, 8% used [0x00000000fcd00000,0x00000000fcf17c70,0x00000000fe600000)
  to   space 25088K, 0% used [0x00000000fe700000,0x00000000fe700000,0x00000000fff80000)
 ParOldGen       total 93184K, used 51827K [0x00000000c0000000, 0x00000000c5b00000, 0x00000000eab00000)
  object space 93184K, 55% used [0x00000000c0000000,0x00000000c329cc60,0x00000000c5b00000)
 Metaspace       used 62294K, capacity 68366K, committed 68608K, reserved 1107968K
  class space    used 8199K, capacity 9859K, committed 9984K, reserved 1048576K
Event: 6605.902 GC heap after
Heap after GC invocations=48 (full 17):
 PSYoungGen      total 322560K, used 0K [0x00000000eab00000, 0x00000000fff80000, 0x0000000100000000)
  eden space 296960K, 0% used [0x00000000eab00000,0x00000000eab00000,0x00000000fcd00000)
  from space 25600K, 0% used [0x00000000fcd00000,0x00000000fcd00000,0x00000000fe600000)
  to   space 25088K, 0% used [0x00000000fe700000,0x00000000fe700000,0x00000000fff80000)
 ParOldGen       total 93184K, used 49106K [0x00000000c0000000, 0x00000000c5b00000, 0x00000000eab00000)
  object space 93184K, 52% used [0x00000000c0000000,0x00000000c2ff4918,0x00000000c5b00000)
 Metaspace       used 62242K, capacity 68222K, committed 68608K, reserved 1107968K
  class space    used 8189K, capacity 9820K, committed 9984K, reserved 1048576K
}
Event: 7844.625 GC heap before
{Heap before GC invocations=49 (full 17):
 PSYoungGen      total 322560K, used 136006K [0x00000000eab00000, 0x00000000fff80000, 0x0000000100000000)
  eden space 296960K, 45% used [0x00000000eab00000,0x00000000f2fd1a58,0x00000000fcd00000)
  from space 25600K, 0% used [0x00000000fcd00000,0x00000000fcd00000,0x00000000fe600000)
  to   space 25088K, 0% used [0x00000000fe700000,0x00000000fe700000,0x00000000fff80000)
 ParOldGen       total 93184K, used 49106K [0x00000000c0000000, 0x00000000c5b00000, 0x00000000eab00000)
  object space 93184K, 52% used [0x00000000c0000000,0x00000000c2ff4918,0x00000000c5b00000)
 Metaspace       used 62408K, capacity 68520K, committed 68864K, reserved 1107968K
  class space    used 8206K, capacity 9889K, committed 9984K, reserved 1048576K
Event: 7844.630 GC heap after
Heap after GC invocations=49 (full 17):
 PSYoungGen      total 321536K, used 1559K [0x00000000eab00000, 0x00000000ffd80000, 0x0000000100000000)
  eden space 298496K, 0% used [0x00000000eab00000,0x00000000eab00000,0x00000000fce80000)
  from space 23040K, 6% used [0x00000000fe700000,0x00000000fe885e20,0x00000000ffd80000)
  to   space 24064K, 0% used [0x00000000fce80000,0x00000000fce80000,0x00000000fe600000)
 ParOldGen       total 93184K, used 49114K [0x00000000c0000000, 0x00000000c5b00000, 0x00000000eab00000)
  object space 93184K, 52% used [0x00000000c0000000,0x00000000c2ff6918,0x00000000c5b00000)
 Metaspace       used 62408K, capacity 68520K, committed 68864K, reserved 1107968K
  class space    used 8206K, capacity 9889K, committed 9984K, reserved 1048576K
}
Event: 7844.630 GC heap before
{Heap before GC invocations=50 (full 18):
 PSYoungGen      total 321536K, used 1559K [0x00000000eab00000, 0x00000000ffd80000, 0x0000000100000000)
  eden space 298496K, 0% used [0x00000000eab00000,0x00000000eab00000,0x00000000fce80000)
  from space 23040K, 6% used [0x00000000fe700000,0x00000000fe885e20,0x00000000ffd80000)
  to   space 24064K, 0% used [0x00000000fce80000,0x00000000fce80000,0x00000000fe600000)
 ParOldGen       total 93184K, used 49114K [0x00000000c0000000, 0x00000000c5b00000, 0x00000000eab00000)
  object space 93184K, 52% used [0x00000000c0000000,0x00000000c2ff6918,0x00000000c5b00000)
 Metaspace       used 62408K, capacity 68520K, committed 68864K, reserved 1107968K
  class space    used 8206K, capacity 9889K, committed 9984K, reserved 1048576K
Event: 7844.751 GC heap after
Heap after GC invocations=50 (full 18):
 PSYoungGen      total 321536K, used 0K [0x00000000eab00000, 0x00000000ffd80000, 0x0000000100000000)
  eden space 298496K, 0% used [0x00000000eab00000,0x00000000eab00000,0x00000000fce80000)
  from space 23040K, 0% used [0x00000000fe700000,0x00000000fe700000,0x00000000ffd80000)
  to   space 24064K, 0% used [0x00000000fce80000,0x00000000fce80000,0x00000000fe600000)
 ParOldGen       total 93184K, used 33466K [0x00000000c0000000, 0x00000000c5b00000, 0x00000000eab00000)
  object space 93184K, 35% used [0x00000000c0000000,0x00000000c20aeae8,0x00000000c5b00000)
 Metaspace       used 60121K, capacity 63320K, committed 68864K, reserved 1107968K
  class space    used 7555K, capacity 8594K, committed 9984K, reserved 1048576K
}

Deoptimization events (10 events):
Event: 6116.254 Thread 0x000000001ead0800 Uncommon trap: reason=speculate_class_check action=maybe_recompile pc=0x0000000011958304 method=org.codehaus.groovy.runtime.callsite.PojoMetaMethodSite.createPojoMetaMethodSite(Lorg/codehaus/groovy/runtime/callsite/CallSite;Lgroovy/lang/MetaClassImpl;Lgroo®Sq·¸@
Event: 6162.715 Thread 0x000000001ead0800 Uncommon trap: reason=predicate action=maybe_recompile pc=0x0000000011a86e0c method=java.util.TimSort.binarySort([Ljava/lang/Object;IIILjava/util/Comparator;)V @ 37
Event: 6282.603 Thread 0x000000001ead4800 Uncommon trap: reason=array_check action=maybe_recompile pc=0x0000000011b57a98 method=java.util.TimSort.binarySort([Ljava/lang/Object;IIILjava/util/Comparator;)V @ 183
Event: 6282.603 Thread 0x000000001ead4800 Uncommon trap: reason=array_check action=maybe_recompile pc=0x0000000011b5790c method=java.util.TimSort.binarySort([Ljava/lang/Object;IIILjava/util/Comparator;)V @ 215
Event: 6601.080 Thread 0x000000001ead3800 Uncommon trap: reason=null_check action=make_not_entrant pc=0x000000000f90ec40 method=org.codehaus.groovy.ast.ClassHelper.makeCached(Ljava/lang/Class;)Lorg/codehaus/groovy/ast/ClassNode; @ 19
Event: 6601.389 Thread 0x000000001ead3800 Uncommon trap: reason=array_check action=maybe_recompile pc=0x0000000011b57a98 method=java.util.TimSort.binarySort([Ljava/lang/Object;IIILjava/util/Comparator;)V @ 183
Event: 6601.389 Thread 0x000000001ead3800 Uncommon trap: reason=array_check action=maybe_recompile pc=0x0000000011b5790c method=java.util.TimSort.binarySort([Ljava/lang/Object;IIILjava/util/Comparator;)V @ 215
Event: 7840.037 Thread 0x000000001ead0800 Uncommon trap: reason=array_check action=maybe_recompile pc=0x000000000f2b4750 method=java.util.TimSort.binarySort([Ljava/lang/Object;IIILjava/util/Comparator;)V @ 193
Event: 7840.037 Thread 0x000000001ead0800 Uncommon trap: reason=array_check action=maybe_recompile pc=0x000000000f2b4750 method=java.util.TimSort.binarySort([Ljava/lang/Object;IIILjava/util/Comparator;)V @ 193
Event: 7844.754 Thread 0x000000001ead0000 Uncommon trap: reason=class_check action=maybe_recompile pc=0x000000000f1b92d8 method=java.lang.String.equals(Ljava/lang/Object;)Z @ 8

Internal exceptions (10 events):
Event: 7929.156 Thread 0x000000001ead4800 Exception <a 'java/lang/NoSuchMethodError': <clinit>> (0x00000000eb1ab878) thrown at [C:\workspace\8-2-build-windows-amd64-cygwin\jdk8u65\4987\hotspot\src\share\vm\prims\jni.cpp, line 1591]
Event: 7929.156 Thread 0x000000001ead4800 Exception <a 'java/lang/NoSuchMethodError': <clinit>> (0x00000000eb1affe0) thrown at [C:\workspace\8-2-build-windows-amd64-cygwin\jdk8u65\4987\hotspot\src\share\vm\prims\jni.cpp, line 1591]
Event: 7929.156 Thread 0x000000001ead0800 Exception <a 'java/lang/NoSuchMethodError': <clinit>> (0x00000000eb281058) thrown at [C:\workspace\8-2-build-windows-amd64-cygwin\jdk8u65\4987\hotspot\src\share\vm\prims\jni.cpp, line 1591]
Event: 7929.156 Thread 0x000000001ead4800 Exception <a 'java/lang/NoSuchMethodError': <clinit>> (0x00000000eb1b23c8) thrown at [C:\workspace\8-2-build-windows-amd64-cygwin\jdk8u65\4987\hotspot\src\share\vm\prims\jni.cpp, line 1591]
Event: 7929.203 Thread 0x000000001ead4800 Exception <a 'java/lang/NoSuchMethodError': <clinit>> (0x00000000eb403070) thrown at [C:\workspace\8-2-build-windows-amd64-cygwin\jdk8u65\4987\hotspot\src\share\vm\prims\jni.cpp, line 1591]
Event: 7929.338 Thread 0x000000001ead4800 Exception <a 'java/lang/ClassNotFoundException': asLocalRepo45_3k1gy8ngyak438xmsp0doyy0mBeanInfo> (0x00000000ec52fd98) thrown at [C:\workspace\8-2-build-windows-amd64-cygwin\jdk8u65\4987\hotspot\src\share\vm\classfile\systemDictionary.cpp, line 210]
Event: 7929.339 Thread 0x000000001ead4800 Exception <a 'java/lang/ClassNotFoundException': asLocalRepo45_3k1gy8ngyak438xmsp0doyy0mCustomizer> (0x00000000ec539278) thrown at [C:\workspace\8-2-build-windows-amd64-cygwin\jdk8u65\4987\hotspot\src\share\vm\classfile\systemDictionary.cpp, line 210]
Event: 7929.378 Thread 0x000000001ead4800 Exception <a 'java/lang/NoSuchMethodError': <clinit>> (0x00000000ecc2a5b0) thrown at [C:\workspace\8-2-build-windows-amd64-cygwin\jdk8u65\4987\hotspot\src\share\vm\prims\jni.cpp, line 1591]
Event: 7929.445 Thread 0x000000001ead4800 Exception <a 'java/lang/NoSuchMethodError': <clinit>> (0x00000000ee3a4e50) thrown at [C:\workspace\8-2-build-windows-amd64-cygwin\jdk8u65\4987\hotspot\src\share\vm\prims\jni.cpp, line 1591]
Event: 7929.445 Thread 0x000000001ead4800 Exception <a 'java/lang/NoSuchMethodError': <clinit>> (0x00000000ee3a8058) thrown at [C:\workspace\8-2-build-windows-amd64-cygwin\jdk8u65\4987\hotspot\src\share\vm\prims\jni.cpp, line 1591]

Events (10 events):
Event: 7929.614 loading class groovy/runtime/metaclass/build_3yogvfwlg30bwpp2kmahgxc6q$_run_closure1_closure3MetaClass
Event: 7929.614 loading class groovy/runtime/metaclass/build_3yogvfwlg30bwpp2kmahgxc6q$_run_closure1_closure3MetaClass done
Event: 7929.615 loading class groovy/runtime/metaclass/build_3yogvfwlg30bwpp2kmahgxc6q$_run_closure2MetaClass
Event: 7929.615 loading class groovy/runtime/metaclass/build_3yogvfwlg30bwpp2kmahgxc6q$_run_closure2MetaClass done
Event: 7929.617 loading class groovy/runtime/metaclass/org/gradle/api/tasks/Delete_DecoratedMetaClass
Event: 7929.617 loading class groovy/runtime/metaclass/org/gradle/api/tasks/Delete_DecoratedMetaClass done
Event: 7929.620 loading class groovy/runtime/metaclass/org/gradle/api/tasks/DeleteMetaClass
Event: 7929.620 loading class groovy/runtime/metaclass/org/gradle/api/tasks/DeleteMetaClass done
Event: 7929.622 loading class groovy/runtime/metaclass/org/gradle/api/internal/ConventionTaskMetaClass
Event: 7929.622 loading class groovy/runtime/metaclass/org/gradle/api/internal/ConventionTaskMetaClass done


Dynamic libraries:
0x000000013ffd0000 - 0x0000000140007000 	C:\Program Files\Java\jdk1.8.0_65\bin\java.exe
0x00000000770f0000 - 0x0000000077299000 	C:\Windows\SYSTEM32\ntdll.dll
0x0000000076fd0000 - 0x00000000770ef000 	C:\Windows\system32\kernel32.dll
0x000007fefd000000 - 0x000007fefd06c000 	C:\Windows\system32\KERNELBASE.dll
0x000007fefdbe0000 - 0x000007fefdcbb000 	C:\Windows\system32\ADVAPI32.dll
0x000007fefd370000 - 0x000007fefd40f000 	C:\Windows\system32\msvcrt.dll
0x000007fefeeb0000 - 0x000007fefeecf000 	C:\Windows\SYSTEM32\sechost.dll
0x000007fefdcc0000 - 0x000007fefdded000 	C:\Windows\system32\RPCRT4.dll
0x0000000076ed0000 - 0x0000000076fca000 	C:\Windows\system32\USER32.dll
0x000007fefd410000 - 0x000007fefd477000 	C:\Windows\system32\GDI32.dll
0x000007fefd560000 - 0x000007fefd56e000 	C:\Windows\system32\LPK.dll
0x000007fefddf0000 - 0x000007fefdeb9000 	C:\Windows\system32\USP10.dll
0x000007fefb390000 - 0x000007fefb584000 	C:\Windows\WinSxS\amd64_microsoft.windows.common-controls_6595b64144ccf1df_6.0.7601.18837_none_fa3b1e3d17594757\COMCTL32.dll
0x000007fefdac0000 - 0x000007fefdb31000 	C:\Windows\system32\SHLWAPI.dll
0x000007fefee80000 - 0x000007fefeeae000 	C:\Windows\system32\IMM32.DLL
0x000007fefd260000 - 0x000007fefd369000 	C:\Windows\system32\MSCTF.dll
0x000007fefcdd0000 - 0x000007fefce01000 	C:\Windows\system32\nvinitx.dll
0x000000000f000000 - 0x000000000f006000 	C:\Program Files\NVIDIA Corporation\CoProcManager\detoured.dll
0x000007fefa7b0000 - 0x000007fefa7e2000 	C:\Program Files\NVIDIA Corporation\CoProcManager\nvd3d9wrapx.dll
0x000007fefd610000 - 0x000007fefd7e7000 	C:\Windows\system32\SETUPAPI.dll
0x000007fefcec0000 - 0x000007fefcef6000 	C:\Windows\system32\CFGMGR32.dll
0x000007fefd480000 - 0x000007fefd557000 	C:\Windows\system32\OLEAUT32.dll
0x000007fefef30000 - 0x000007feff133000 	C:\Windows\system32\ole32.dll
0x000007fefd240000 - 0x000007fefd25a000 	C:\Windows\system32\DEVOBJ.dll
0x000007fefa780000 - 0x000007fefa7a2000 	C:\Program Files\NVIDIA Corporation\CoProcManager\nvdxgiwrapx.dll
0x0000000052dc0000 - 0x0000000052e92000 	C:\Program Files\Java\jdk1.8.0_65\jre\bin\msvcr100.dll
0x000000006d210000 - 0x000000006da99000 	C:\Program Files\Java\jdk1.8.0_65\jre\bin\server\jvm.dll
0x000007fefba80000 - 0x000007fefba89000 	C:\Windows\system32\WSOCK32.dll
0x000007feff140000 - 0x000007feff18d000 	C:\Windows\system32\WS2_32.dll
0x000007feff190000 - 0x000007feff198000 	C:\Windows\system32\NSI.dll
0x000007fefac50000 - 0x000007fefac8b000 	C:\Windows\system32\WINMM.dll
0x000007fefbe60000 - 0x000007fefbe6c000 	C:\Windows\system32\VERSION.dll
0x00000000772b0000 - 0x00000000772b7000 	C:\Windows\system32\PSAPI.DLL
0x0000000072c90000 - 0x0000000072c9f000 	C:\Program Files\Java\jdk1.8.0_65\jre\bin\verify.dll
0x000000006d1e0000 - 0x000000006d209000 	C:\Program Files\Java\jdk1.8.0_65\jre\bin\java.dll
0x000000006ead0000 - 0x000000006eae6000 	C:\Program Files\Java\jdk1.8.0_65\jre\bin\zip.dll
0x000007fefe0d0000 - 0x000007fefee59000 	C:\Windows\system32\SHELL32.dll
0x000007fefceb0000 - 0x000007fefcebf000 	C:\Windows\system32\profapi.dll
0x000000006e6c0000 - 0x000000006e6da000 	C:\Program Files\Java\jdk1.8.0_65\jre\bin\net.dll
0x000007fefc600000 - 0x000007fefc655000 	C:\Windows\system32\mswsock.dll
0x000007fefc5f0000 - 0x000007fefc5f7000 	C:\Windows\System32\wship6.dll
0x000000006cce0000 - 0x000000006ccf1000 	C:\Program Files\Java\jdk1.8.0_65\jre\bin\nio.dll
0x000007fefa3b0000 - 0x000007fefa3c2000 	C:\Users\Diego\.gradle\native\19\windows-amd64\native-platform.dll
0x000007fefa020000 - 0x000007fefa047000 	C:\Windows\system32\IPHLPAPI.DLL
0x000007fefa840000 - 0x000007fefa84b000 	C:\Windows\system32\WINNSI.DLL
0x000007fef8ab0000 - 0x000007fef8ac8000 	C:\Windows\system32\dhcpcsvc.DLL
0x000007fef8a90000 - 0x000007fef8aa1000 	C:\Windows\system32\dhcpcsvc6.DLL
0x000007fefc660000 - 0x000007fefc678000 	C:\Windows\system32\CRYPTSP.dll
0x000007fefc360000 - 0x000007fefc3a7000 	C:\Windows\system32\rsaenh.dll
0x000007fefd220000 - 0x000007fefd23e000 	C:\Windows\system32\USERENV.dll
0x000007fefccc0000 - 0x000007fefcccf000 	C:\Windows\system32\CRYPTBASE.dll
0x000007fefcc60000 - 0x000007fefccb7000 	C:\Windows\system32\apphelp.dll
0x00000000725b0000 - 0x00000000725bd000 	C:\Program Files\Java\jdk1.8.0_65\jre\bin\management.dll
0x0000000063dc0000 - 0x0000000063de4000 	C:\Program Files\Java\jdk1.8.0_65\jre\bin\sunec.dll
0x000007fefbf30000 - 0x000007fefbf37000 	C:\Windows\System32\wshtcpip.dll
0x000007fefc480000 - 0x000007fefc4db000 	C:\Windows\system32\DNSAPI.dll
0x000007fef5cd0000 - 0x000007fef5cd8000 	C:\Windows\system32\rasadhlp.dll
0x000007fef8fe0000 - 0x000007fef9033000 	C:\Windows\System32\fwpuclnt.dll
0x000007fefb190000 - 0x000007fefb1a5000 	C:\Windows\system32\NLAapi.dll
0x000007fef65e0000 - 0x000007fef65f5000 	C:\Windows\system32\napinsp.dll
0x000007fef65c0000 - 0x000007fef65d9000 	C:\Windows\system32\pnrpnsp.dll
0x000007fef5f80000 - 0x000007fef5f8b000 	C:\Windows\System32\winrnr.dll
0x000007fef5f70000 - 0x000007fef5f80000 	C:\Windows\system32\wshbth.dll
0x000007fef5f90000 - 0x000007fef60b5000 	C:\Windows\system32\dbghelp.dll

VM Arguments:
jvm_args: -XX:MaxPermSize=256m -XX:+HeapDumpOnOutOfMemoryError -Xmx1024m -Dfile.encoding=windows-1252 -Duser.country=BR -Duser.language=pt -Duser.variant 
java_command: org.gradle.launcher.daemon.bootstrap.GradleDaemon 2.4 C:\Users\Diego\.gradle C:\Users\Diego\.gradle\daemon 10800000 511534dd-def1-4817-a85f-3ebf58dca9e6 -XX:MaxPermSize=256m -XX:+HeapDumpOnOutOfMemoryError -Xmx1024m -Dfile.encoding=windows-1252 -Duser.country=BR -Duser.language=pt -Duser.variant
java_class_path (initial): C:\Android\android-studio\gradle\gradle-2.4\lib\gradle-launcher-2.4.jar
Launcher Type: SUN_STANDARD

Environment Variables:
PATH=C:\ProgramData\Oracle\Java\javapath;C:\Windows\system32;C:\Windows;C:\Windows\System32\Wbem;C:\Windows\System32\WindowsPowerShell\v1.0\;C:\Program Files\Intel\WiFi\bin\;C:\Program Files\Common Files\Intel\WirelessCommon\;C:\Program Files (x86)\Skype\Phone\;C:\Program Files\nodejs\;C:\Program Files\Git\cmd;C:\Program Files\Git\mingw64\bin;C:\Program Files\Git\usr\bin;C:\Program Files\Intel\WiFi\bin\;C:\Program Files\Common Files\Intel\WirelessCommon\;C:\Users\Diego\AppData\Roaming\npm
USERNAME=Diego
OS=Windows_NT
PROCESSOR_IDENTIFIER=Intel64 Family 6 Model 61 Stepping 4, GenuineIntel



---------------  S Y S T E M  ---------------

OS: Windows 7 , 64 bit Build 7601 (6.1.7601.18933)

CPU:total 4 (2 cores per cpu, 2 threads per core) family 6 model 61 stepping 4, cmov, cx8, fxsr, mmx, sse, sse2, sse3, ssse3, sse4.1, sse4.2, popcnt, avx, avx2, aes, clmul, erms, 3dnowpref, lzcnt, ht, tsc, tscinvbit, bmi1, bmi2, adx

Memory: 4k page, physical 8298372k(931304k free), swap 16594904k(7472040k free)

vm_info: Java HotSpot(TM) 64-Bit Server VM (25.65-b01) for windows-amd64 JRE (1.8.0_65-b17), built on Oct  6 2015 16:39:20 by "java_re" with MS VC++ 10.0 (VS2010)

time: Mon Dec 07 16:14:01 2015
elapsed time: 7929 seconds (0d 2h 12m 9s)

